<?xml version="1.0" encoding="UTF-8"?>
<testng-results total="1" passed="1" failed="0" skipped="0">
  <reporter-output>
  </reporter-output>
  <suite started-at="2022-02-12T16:09:28Z" name="Default Suite" finished-at="2022-02-12T16:09:28Z" duration-ms="14">
    <groups>
    </groups>
    <test started-at="2022-02-12T16:09:28Z" name="Erp_AutomatedTest" finished-at="2022-02-12T16:09:28Z" duration-ms="14">
      <class name="testNg.erp.Test">
        <test-method signature="test()[pri:0, instance:testNg.erp.Test@706a04ae]" started-at="2022-02-13T00:09:28Z" name="test" finished-at="2022-02-13T00:09:28Z" duration-ms="5" status="PASS">
          <reporter-output>
          </reporter-output>
        </test-method> <!-- test -->
      </class> <!-- testNg.erp.Test -->
    </test> <!-- Erp_AutomatedTest -->
  </suite> <!-- Default Suite -->
</testng-results>
